{"E:\\f0-main\\Gunaso\\src\\components\\TicketTile.tsx": {"path":"E:\\f0-main\\Gunaso\\src\\components\\TicketTile.tsx","statementMap":{"0":{"start":{"line":13,"column":24},"end":{"line":13,"column":35}},"1":{"start":{"line":2,"column":19},"end":{"line":2,"column":null}},"2":{"start":{"line":3,"column":21},"end":{"line":3,"column":null}},"3":{"start":{"line":14,"column":4},"end":{"line":16,"column":null}},"4":{"start":{"line":42,"column":31},"end":{"line":42,"column":null}}},"fnMap":{"0":{"name":"TicketTile","decl":{"start":{"line":13,"column":24},"end":{"line":13,"column":35}},"loc":{"start":{"line":13,"column":77},"end":{"line":48,"column":null}}},"1":{"name":"(anonymous_3)","decl":{"start":{"line":42,"column":25},"end":{"line":42,"column":31}},"loc":{"start":{"line":42,"column":31},"end":{"line":42,"column":null}}}},"branchMap":{},"s":{"0":0,"1":0,"2":0,"3":0,"4":0},"f":{"0":0,"1":0},"b":{}}
,"E:\\f0-main\\Gunaso\\src\\components\\ToggleLanguage.tsx": {"path":"E:\\f0-main\\Gunaso\\src\\components\\ToggleLanguage.tsx","statementMap":{"0":{"start":{"line":5,"column":13},"end":{"line":5,"column":30}},"1":{"start":{"line":2,"column":33},"end":{"line":2,"column":null}},"2":{"start":{"line":3,"column":23},"end":{"line":3,"column":null}},"3":{"start":{"line":5,"column":30},"end":{"line":16,"column":null}},"4":{"start":{"line":6,"column":41},"end":{"line":6,"column":null}},"5":{"start":{"line":7,"column":20},"end":{"line":7,"column":null}},"6":{"start":{"line":14,"column":24},"end":{"line":14,"column":null}}},"fnMap":{"0":{"name":"(anonymous_1)","decl":{"start":{"line":5,"column":30},"end":{"line":5,"column":null}},"loc":{"start":{"line":5,"column":30},"end":{"line":16,"column":null}}},"1":{"name":"(anonymous_2)","decl":{"start":{"line":14,"column":18},"end":{"line":14,"column":24}},"loc":{"start":{"line":14,"column":24},"end":{"line":14,"column":null}}}},"branchMap":{},"s":{"0":0,"1":0,"2":0,"3":0,"4":0,"5":0,"6":0},"f":{"0":0,"1":0},"b":{}}
,"E:\\f0-main\\Gunaso\\src\\components\\ToggleTheme.tsx": {"path":"E:\\f0-main\\Gunaso\\src\\components\\ToggleTheme.tsx","statementMap":{"0":{"start":{"line":5,"column":13},"end":{"line":5,"column":27}},"1":{"start":{"line":2,"column":25},"end":{"line":2,"column":null}},"2":{"start":{"line":3,"column":23},"end":{"line":3,"column":null}},"3":{"start":{"line":5,"column":27},"end":{"line":19,"column":null}},"4":{"start":{"line":6,"column":35},"end":{"line":6,"column":null}},"5":{"start":{"line":7,"column":20},"end":{"line":7,"column":null}}},"fnMap":{"0":{"name":"(anonymous_1)","decl":{"start":{"line":5,"column":27},"end":{"line":5,"column":null}},"loc":{"start":{"line":5,"column":27},"end":{"line":19,"column":null}}}},"branchMap":{},"s":{"0":0,"1":0,"2":0,"3":0,"4":0,"5":0},"f":{"0":0},"b":{}}
,"E:\\f0-main\\Gunaso\\src\\components\\citizen\\CitizenFooter.tsx": {"path":"E:\\f0-main\\Gunaso\\src\\components\\citizen\\CitizenFooter.tsx","statementMap":{"0":{"start":{"line":9,"column":24},"end":{"line":9,"column":null}},"1":{"start":{"line":3,"column":61},"end":{"line":3,"column":null}},"2":{"start":{"line":4,"column":29},"end":{"line":4,"column":null}},"3":{"start":{"line":5,"column":17},"end":{"line":5,"column":null}},"4":{"start":{"line":6,"column":28},"end":{"line":6,"column":null}},"5":{"start":{"line":7,"column":33},"end":{"line":7,"column":null}},"6":{"start":{"line":10,"column":21},"end":{"line":10,"column":null}},"7":{"start":{"line":11,"column":24},"end":{"line":11,"column":null}},"8":{"start":{"line":13,"column":17},"end":{"line":34,"column":null}},"9":{"start":{"line":39,"column":31},"end":{"line":39,"column":null}},"10":{"start":{"line":41,"column":16},"end":{"line":47,"column":null}},"11":{"start":{"line":43,"column":20},"end":{"line":43,"column":null}},"12":{"start":{"line":46,"column":20},"end":{"line":46,"column":null}},"13":{"start":{"line":49,"column":16},"end":{"line":50,"column":44}}},"fnMap":{"0":{"name":"CitizenFooter","decl":{"start":{"line":9,"column":24},"end":{"line":9,"column":null}},"loc":{"start":{"line":9,"column":24},"end":{"line":73,"column":null}}},"1":{"name":"(anonymous_3)","decl":{"start":{"line":38,"column":22},"end":{"line":38,"column":23}},"loc":{"start":{"line":38,"column":23},"end":{"line":70,"column":null}}}},"branchMap":{"0":{"loc":{"start":{"line":15,"column":18},"end":{"line":15,"column":null}},"type":"binary-expr","locations":[{"start":{"line":15,"column":18},"end":{"line":15,"column":30}},{"start":{"line":15,"column":34},"end":{"line":15,"column":null}}]},"1":{"loc":{"start":{"line":20,"column":18},"end":{"line":20,"column":null}},"type":"binary-expr","locations":[{"start":{"line":20,"column":18},"end":{"line":20,"column":38}},{"start":{"line":20,"column":42},"end":{"line":20,"column":null}}]},"2":{"loc":{"start":{"line":25,"column":18},"end":{"line":25,"column":null}},"type":"binary-expr","locations":[{"start":{"line":25,"column":18},"end":{"line":25,"column":32}},{"start":{"line":25,"column":36},"end":{"line":25,"column":null}}]},"3":{"loc":{"start":{"line":30,"column":18},"end":{"line":30,"column":null}},"type":"binary-expr","locations":[{"start":{"line":30,"column":18},"end":{"line":30,"column":39}},{"start":{"line":30,"column":43},"end":{"line":30,"column":null}}]},"4":{"loc":{"start":{"line":41,"column":16},"end":{"line":47,"column":null}},"type":"if","locations":[{"start":{"line":41,"column":16},"end":{"line":47,"column":null}},{"start":{"line":44,"column":23},"end":{"line":47,"column":null}}]},"5":{"loc":{"start":{"line":43,"column":31},"end":{"line":43,"column":null}},"type":"binary-expr","locations":[{"start":{"line":43,"column":31},"end":{"line":43,"column":58}},{"start":{"line":43,"column":58},"end":{"line":43,"column":null}}]},"6":{"loc":{"start":{"line":60,"column":43},"end":{"line":60,"column":null}},"type":"cond-expr","locations":[{"start":{"line":60,"column":54},"end":{"line":60,"column":76}},{"start":{"line":60,"column":76},"end":{"line":60,"column":null}}]}},"s":{"0":0,"1":0,"2":0,"3":0,"4":0,"5":0,"6":0,"7":0,"8":0,"9":0,"10":0,"11":0,"12":0,"13":0},"f":{"0":0,"1":0},"b":{"0":[0,0],"1":[0,0],"2":[0,0],"3":[0,0],"4":[0,0],"5":[0,0],"6":[0,0]}}
,"E:\\f0-main\\Gunaso\\src\\components\\citizen\\CitizenNavBar.tsx": {"path":"E:\\f0-main\\Gunaso\\src\\components\\citizen\\CitizenNavBar.tsx","statementMap":{"0":{"start":{"line":7,"column":24},"end":{"line":7,"column":null}},"1":{"start":{"line":2,"column":33},"end":{"line":2,"column":null}},"2":{"start":{"line":3,"column":21},"end":{"line":3,"column":null}},"3":{"start":{"line":4,"column":126},"end":{"line":4,"column":null}},"4":{"start":{"line":5,"column":17},"end":{"line":5,"column":null}},"5":{"start":{"line":8,"column":24},"end":{"line":8,"column":null}},"6":{"start":{"line":10,"column":24},"end":{"line":18,"column":null}},"7":{"start":{"line":49,"column":24},"end":{"line":49,"column":53}}},"fnMap":{"0":{"name":"CitizenNavBar","decl":{"start":{"line":7,"column":24},"end":{"line":7,"column":null}},"loc":{"start":{"line":7,"column":24},"end":{"line":55,"column":null}}},"1":{"name":"(anonymous_4)","decl":{"start":{"line":48,"column":52},"end":{"line":48,"column":53}},"loc":{"start":{"line":49,"column":24},"end":{"line":49,"column":53}}}},"branchMap":{"0":{"loc":{"start":{"line":11,"column":61},"end":{"line":11,"column":101}},"type":"binary-expr","locations":[{"start":{"line":11,"column":61},"end":{"line":11,"column":81}},{"start":{"line":11,"column":85},"end":{"line":11,"column":101}}]},"1":{"loc":{"start":{"line":12,"column":49},"end":{"line":12,"column":86}},"type":"binary-expr","locations":[{"start":{"line":12,"column":49},"end":{"line":12,"column":63}},{"start":{"line":12,"column":67},"end":{"line":12,"column":86}}]},"2":{"loc":{"start":{"line":13,"column":61},"end":{"line":13,"column":102}},"type":"binary-expr","locations":[{"start":{"line":13,"column":61},"end":{"line":13,"column":82}},{"start":{"line":13,"column":86},"end":{"line":13,"column":102}}]},"3":{"loc":{"start":{"line":14,"column":51},"end":{"line":14,"column":80}},"type":"binary-expr","locations":[{"start":{"line":14,"column":51},"end":{"line":14,"column":66}},{"start":{"line":14,"column":70},"end":{"line":14,"column":80}}]},"4":{"loc":{"start":{"line":15,"column":53},"end":{"line":15,"column":84}},"type":"binary-expr","locations":[{"start":{"line":15,"column":53},"end":{"line":15,"column":69}},{"start":{"line":15,"column":73},"end":{"line":15,"column":84}}]},"5":{"loc":{"start":{"line":16,"column":64},"end":{"line":16,"column":106}},"type":"binary-expr","locations":[{"start":{"line":16,"column":64},"end":{"line":16,"column":85}},{"start":{"line":16,"column":89},"end":{"line":16,"column":106}}]},"6":{"loc":{"start":{"line":17,"column":75},"end":{"line":17,"column":126}},"type":"binary-expr","locations":[{"start":{"line":17,"column":75},"end":{"line":17,"column":101}},{"start":{"line":17,"column":105},"end":{"line":17,"column":126}}]}},"s":{"0":0,"1":0,"2":0,"3":0,"4":0,"5":0,"6":0,"7":0},"f":{"0":0,"1":0},"b":{"0":[0,0],"1":[0,0],"2":[0,0],"3":[0,0],"4":[0,0],"5":[0,0],"6":[0,0]}}
,"E:\\f0-main\\Gunaso\\src\\components\\citizen\\CitizenPageHeader.tsx": {"path":"E:\\f0-main\\Gunaso\\src\\components\\citizen\\CitizenPageHeader.tsx","statementMap":{"0":{"start":{"line":23,"column":24},"end":{"line":23,"column":null}},"1":{"start":{"line":3,"column":26},"end":{"line":3,"column":null}},"2":{"start":{"line":4,"column":28},"end":{"line":4,"column":null}},"3":{"start":{"line":5,"column":17},"end":{"line":5,"column":null}},"4":{"start":{"line":8,"column":19},"end":{"line":21,"column":null}},"5":{"start":{"line":24,"column":21},"end":{"line":24,"column":null}},"6":{"start":{"line":27,"column":33},"end":{"line":27,"column":null}},"7":{"start":{"line":30,"column":24},"end":{"line":30,"column":71}},"8":{"start":{"line":33,"column":4},"end":{"line":35,"column":null}},"9":{"start":{"line":34,"column":8},"end":{"line":34,"column":null}},"10":{"start":{"line":38,"column":4},"end":{"line":40,"column":null}},"11":{"start":{"line":39,"column":8},"end":{"line":39,"column":null}}},"fnMap":{"0":{"name":"CitizenPageHeader","decl":{"start":{"line":23,"column":24},"end":{"line":23,"column":null}},"loc":{"start":{"line":23,"column":24},"end":{"line":59,"column":null}}}},"branchMap":{"0":{"loc":{"start":{"line":33,"column":4},"end":{"line":35,"column":null}},"type":"if","locations":[{"start":{"line":33,"column":4},"end":{"line":35,"column":null}},{"start":{},"end":{}}]},"1":{"loc":{"start":{"line":38,"column":4},"end":{"line":40,"column":null}},"type":"if","locations":[{"start":{"line":38,"column":4},"end":{"line":40,"column":null}},{"start":{},"end":{}}]}},"s":{"0":0,"1":0,"2":0,"3":0,"4":0,"5":0,"6":0,"7":0,"8":0,"9":0,"10":0,"11":0},"f":{"0":0},"b":{"0":[0,0],"1":[0,0]}}
,"E:\\f0-main\\Gunaso\\src\\components\\shared\\Button.tsx": {"path":"E:\\f0-main\\Gunaso\\src\\components\\shared\\Button.tsx","statementMap":{"0":{"start":{"line":13,"column":24},"end":{"line":13,"column":31}},"1":{"start":{"line":1,"column":39},"end":{"line":1,"column":null}}},"fnMap":{"0":{"name":"Button","decl":{"start":{"line":13,"column":24},"end":{"line":13,"column":31}},"loc":{"start":{"line":22,"column":14},"end":{"line":35,"column":null}}}},"branchMap":{"0":{"loc":{"start":{"line":16,"column":4},"end":{"line":16,"column":20}},"type":"default-arg","locations":[{"start":{"line":16,"column":11},"end":{"line":16,"column":20}}]},"1":{"loc":{"start":{"line":17,"column":4},"end":{"line":17,"column":20}},"type":"default-arg","locations":[{"start":{"line":17,"column":15},"end":{"line":17,"column":20}}]},"2":{"loc":{"start":{"line":18,"column":4},"end":{"line":18,"column":15}},"type":"default-arg","locations":[{"start":{"line":18,"column":11},"end":{"line":18,"column":15}}]}},"s":{"0":0,"1":0},"f":{"0":0},"b":{"0":[0],"1":[0],"2":[0]}}
,"E:\\f0-main\\Gunaso\\src\\components\\shared\\DropDown.tsx": {"path":"E:\\f0-main\\Gunaso\\src\\components\\shared\\DropDown.tsx","statementMap":{"0":{"start":{"line":12,"column":24},"end":{"line":12,"column":33}},"1":{"start":{"line":1,"column":25},"end":{"line":1,"column":null}}},"fnMap":{"0":{"name":"DropDown","decl":{"start":{"line":12,"column":24},"end":{"line":12,"column":33}},"loc":{"start":{"line":19,"column":16},"end":{"line":33,"column":null}}}},"branchMap":{"0":{"loc":{"start":{"line":16,"column":4},"end":{"line":16,"column":20}},"type":"default-arg","locations":[{"start":{"line":16,"column":15},"end":{"line":16,"column":20}}]},"1":{"loc":{"start":{"line":17,"column":4},"end":{"line":17,"column":19}},"type":"default-arg","locations":[{"start":{"line":17,"column":14},"end":{"line":17,"column":19}}]}},"s":{"0":0,"1":0},"f":{"0":0},"b":{"0":[0],"1":[0]}}
,"E:\\f0-main\\Gunaso\\src\\components\\shared\\FileUploader.tsx": {"path":"E:\\f0-main\\Gunaso\\src\\components\\shared\\FileUploader.tsx","statementMap":{"0":{"start":{"line":10,"column":24},"end":{"line":10,"column":37}},"1":{"start":{"line":2,"column":53},"end":{"line":2,"column":null}},"2":{"start":{"line":15,"column":27},"end":{"line":19,"column":null}},"3":{"start":{"line":16,"column":8},"end":{"line":18,"column":null}},"4":{"start":{"line":17,"column":12},"end":{"line":17,"column":null}}},"fnMap":{"0":{"name":"FileUploader","decl":{"start":{"line":10,"column":24},"end":{"line":10,"column":37}},"loc":{"start":{"line":14,"column":20},"end":{"line":37,"column":null}}},"1":{"name":"(anonymous_2)","decl":{"start":{"line":15,"column":27},"end":{"line":15,"column":28}},"loc":{"start":{"line":15,"column":40},"end":{"line":19,"column":null}}}},"branchMap":{"0":{"loc":{"start":{"line":12,"column":4},"end":{"line":12,"column":20}},"type":"default-arg","locations":[{"start":{"line":12,"column":15},"end":{"line":12,"column":20}}]},"1":{"loc":{"start":{"line":16,"column":8},"end":{"line":18,"column":null}},"type":"if","locations":[{"start":{"line":16,"column":8},"end":{"line":18,"column":null}},{"start":{},"end":{}}]}},"s":{"0":0,"1":0,"2":0,"3":0,"4":0},"f":{"0":0,"1":0},"b":{"0":[0],"1":[0,0]}}
,"E:\\f0-main\\Gunaso\\src\\components\\shared\\Filter.tsx": {"path":"E:\\f0-main\\Gunaso\\src\\components\\shared\\Filter.tsx","statementMap":{"0":{"start":{"line":3,"column":24},"end":{"line":3,"column":null}},"1":{"start":{"line":1,"column":27},"end":{"line":1,"column":null}}},"fnMap":{"0":{"name":"Filter","decl":{"start":{"line":3,"column":24},"end":{"line":3,"column":null}},"loc":{"start":{"line":3,"column":24},"end":{"line":10,"column":null}}}},"branchMap":{},"s":{"0":0,"1":0},"f":{"0":0},"b":{}}
,"E:\\f0-main\\Gunaso\\src\\components\\shared\\Logo.tsx": {"path":"E:\\f0-main\\Gunaso\\src\\components\\shared\\Logo.tsx","statementMap":{"0":{"start":{"line":27,"column":24},"end":{"line":27,"column":29}},"1":{"start":{"line":2,"column":18},"end":{"line":2,"column":null}},"2":{"start":{"line":35,"column":24},"end":{"line":35,"column":null}},"3":{"start":{"line":36,"column":24},"end":{"line":36,"column":null}},"4":{"start":{"line":39,"column":24},"end":{"line":39,"column":null}},"5":{"start":{"line":40,"column":27},"end":{"line":40,"column":null}},"6":{"start":{"line":43,"column":25},"end":{"line":43,"column":null}},"7":{"start":{"line":44,"column":30},"end":{"line":44,"column":null}},"8":{"start":{"line":46,"column":4},"end":{"line":56,"column":null}}},"fnMap":{"0":{"name":"Logo","decl":{"start":{"line":27,"column":24},"end":{"line":27,"column":29}},"loc":{"start":{"line":33,"column":12},"end":{"line":63,"column":null}}}},"branchMap":{"0":{"loc":{"start":{"line":28,"column":4},"end":{"line":28,"column":23}},"type":"default-arg","locations":[{"start":{"line":28,"column":14},"end":{"line":28,"column":23}}]},"1":{"loc":{"start":{"line":30,"column":4},"end":{"line":30,"column":18}},"type":"default-arg","locations":[{"start":{"line":30,"column":16},"end":{"line":30,"column":18}}]},"2":{"loc":{"start":{"line":31,"column":4},"end":{"line":31,"column":20}},"type":"default-arg","locations":[{"start":{"line":31,"column":16},"end":{"line":31,"column":20}}]},"3":{"loc":{"start":{"line":35,"column":24},"end":{"line":35,"column":null}},"type":"cond-expr","locations":[{"start":{"line":35,"column":48},"end":{"line":35,"column":65}},{"start":{"line":35,"column":65},"end":{"line":35,"column":null}}]},"4":{"loc":{"start":{"line":36,"column":24},"end":{"line":36,"column":null}},"type":"binary-expr","locations":[{"start":{"line":36,"column":24},"end":{"line":36,"column":38}},{"start":{"line":36,"column":38},"end":{"line":36,"column":null}}]},"5":{"loc":{"start":{"line":39,"column":24},"end":{"line":39,"column":null}},"type":"cond-expr","locations":[{"start":{"line":39,"column":48},"end":{"line":39,"column":61}},{"start":{"line":39,"column":61},"end":{"line":39,"column":null}}]},"6":{"loc":{"start":{"line":40,"column":27},"end":{"line":40,"column":null}},"type":"binary-expr","locations":[{"start":{"line":40,"column":27},"end":{"line":40,"column":35}},{"start":{"line":40,"column":35},"end":{"line":40,"column":null}}]},"7":{"loc":{"start":{"line":43,"column":25},"end":{"line":43,"column":null}},"type":"cond-expr","locations":[{"start":{"line":43,"column":49},"end":{"line":43,"column":66}},{"start":{"line":43,"column":66},"end":{"line":43,"column":null}}]},"8":{"loc":{"start":{"line":46,"column":4},"end":{"line":56,"column":null}},"type":"if","locations":[{"start":{"line":46,"column":4},"end":{"line":56,"column":null}},{"start":{},"end":{}}]}},"s":{"0":0,"1":0,"2":0,"3":0,"4":0,"5":0,"6":0,"7":0,"8":0},"f":{"0":0},"b":{"0":[0],"1":[0],"2":[0],"3":[0,0],"4":[0,0],"5":[0,0],"6":[0,0],"7":[0,0],"8":[0,0]}}
,"E:\\f0-main\\Gunaso\\src\\components\\shared\\Modal.tsx": {"path":"E:\\f0-main\\Gunaso\\src\\components\\shared\\Modal.tsx","statementMap":{"0":{"start":{"line":17,"column":24},"end":{"line":17,"column":30}},"1":{"start":{"line":3,"column":111},"end":{"line":3,"column":null}},"2":{"start":{"line":4,"column":19},"end":{"line":4,"column":null}}},"fnMap":{"0":{"name":"Modal","decl":{"start":{"line":17,"column":24},"end":{"line":17,"column":30}},"loc":{"start":{"line":25,"column":20},"end":{"line":53,"column":null}}}},"branchMap":{"0":{"loc":{"start":{"line":21,"column":4},"end":{"line":21,"column":27}},"type":"default-arg","locations":[{"start":{"line":21,"column":12},"end":{"line":21,"column":27}}]},"1":{"loc":{"start":{"line":22,"column":4},"end":{"line":22,"column":76}},"type":"default-arg","locations":[{"start":{"line":22,"column":18},"end":{"line":22,"column":76}}]},"2":{"loc":{"start":{"line":23,"column":4},"end":{"line":23,"column":27}},"type":"default-arg","locations":[{"start":{"line":23,"column":19},"end":{"line":23,"column":27}}]},"3":{"loc":{"start":{"line":24,"column":4},"end":{"line":24,"column":26}},"type":"default-arg","locations":[{"start":{"line":24,"column":18},"end":{"line":24,"column":26}}]}},"s":{"0":0,"1":0,"2":0},"f":{"0":0},"b":{"0":[0],"1":[0],"2":[0],"3":[0]}}
,"E:\\f0-main\\Gunaso\\src\\components\\shared\\Table.tsx": {"path":"E:\\f0-main\\Gunaso\\src\\components\\shared\\Table.tsx","statementMap":{"0":{"start":{"line":9,"column":24},"end":{"line":9,"column":30}},"1":{"start":{"line":1,"column":104},"end":{"line":1,"column":null}},"2":{"start":{"line":14,"column":4},"end":{"line":20,"column":null}},"3":{"start":{"line":22,"column":4},"end":{"line":28,"column":null}}},"fnMap":{"0":{"name":"Table","decl":{"start":{"line":9,"column":24},"end":{"line":9,"column":30}},"loc":{"start":{"line":13,"column":13},"end":{"line":65,"column":null}}}},"branchMap":{"0":{"loc":{"start":{"line":12,"column":4},"end":{"line":12,"column":19}},"type":"default-arg","locations":[{"start":{"line":12,"column":14},"end":{"line":12,"column":19}}]},"1":{"loc":{"start":{"line":14,"column":4},"end":{"line":20,"column":null}},"type":"if","locations":[{"start":{"line":14,"column":4},"end":{"line":20,"column":null}},{"start":{},"end":{}}]},"2":{"loc":{"start":{"line":22,"column":4},"end":{"line":28,"column":null}},"type":"if","locations":[{"start":{"line":22,"column":4},"end":{"line":28,"column":null}},{"start":{},"end":{}}]},"3":{"loc":{"start":{"line":22,"column":8},"end":{"line":22,"column":36}},"type":"binary-expr","locations":[{"start":{"line":22,"column":8},"end":{"line":22,"column":17}},{"start":{"line":22,"column":17},"end":{"line":22,"column":36}}]}},"s":{"0":0,"1":0,"2":0,"3":0},"f":{"0":0},"b":{"0":[0],"1":[0,0],"2":[0,0],"3":[0,0]}}
,"E:\\f0-main\\Gunaso\\src\\components\\shared\\TextArea.tsx": {"path":"E:\\f0-main\\Gunaso\\src\\components\\shared\\TextArea.tsx","statementMap":{"0":{"start":{"line":13,"column":24},"end":{"line":13,"column":33}},"1":{"start":{"line":1,"column":38},"end":{"line":1,"column":null}}},"fnMap":{"0":{"name":"TextArea","decl":{"start":{"line":13,"column":24},"end":{"line":13,"column":33}},"loc":{"start":{"line":21,"column":16},"end":{"line":34,"column":null}}}},"branchMap":{"0":{"loc":{"start":{"line":17,"column":4},"end":{"line":17,"column":20}},"type":"default-arg","locations":[{"start":{"line":17,"column":15},"end":{"line":17,"column":20}}]},"1":{"loc":{"start":{"line":18,"column":4},"end":{"line":18,"column":19}},"type":"default-arg","locations":[{"start":{"line":18,"column":14},"end":{"line":18,"column":19}}]}},"s":{"0":0,"1":0},"f":{"0":0},"b":{"0":[0],"1":[0]}}
,"E:\\f0-main\\Gunaso\\src\\components\\shared\\TextInput.tsx": {"path":"E:\\f0-main\\Gunaso\\src\\components\\shared\\TextInput.tsx","statementMap":{"0":{"start":{"line":13,"column":24},"end":{"line":13,"column":34}},"1":{"start":{"line":1,"column":45},"end":{"line":1,"column":null}}},"fnMap":{"0":{"name":"TextInput","decl":{"start":{"line":13,"column":24},"end":{"line":13,"column":34}},"loc":{"start":{"line":21,"column":17},"end":{"line":34,"column":null}}}},"branchMap":{"0":{"loc":{"start":{"line":17,"column":4},"end":{"line":17,"column":20}},"type":"default-arg","locations":[{"start":{"line":17,"column":15},"end":{"line":17,"column":20}}]},"1":{"loc":{"start":{"line":18,"column":4},"end":{"line":18,"column":19}},"type":"default-arg","locations":[{"start":{"line":18,"column":14},"end":{"line":18,"column":19}}]}},"s":{"0":0,"1":0},"f":{"0":0},"b":{"0":[0],"1":[0]}}
,"E:\\f0-main\\Gunaso\\src\\components\\shared\\Toast.tsx": {"path":"E:\\f0-main\\Gunaso\\src\\components\\shared\\Toast.tsx","statementMap":{"0":{"start":{"line":12,"column":24},"end":{"line":12,"column":30}},"1":{"start":{"line":1,"column":24},"end":{"line":1,"column":null}},"2":{"start":{"line":2,"column":36},"end":{"line":2,"column":null}},"3":{"start":{"line":19,"column":34},"end":{"line":19,"column":null}},"4":{"start":{"line":21,"column":4},"end":{"line":32,"column":null}},"5":{"start":{"line":22,"column":8},"end":{"line":31,"column":null}},"6":{"start":{"line":23,"column":26},"end":{"line":28,"column":null}},"7":{"start":{"line":24,"column":16},"end":{"line":24,"column":null}},"8":{"start":{"line":25,"column":16},"end":{"line":27,"column":null}},"9":{"start":{"line":26,"column":20},"end":{"line":26,"column":null}},"10":{"start":{"line":30,"column":12},"end":{"line":30,"column":null}},"11":{"start":{"line":30,"column":25},"end":{"line":30,"column":null}},"12":{"start":{"line":34,"column":4},"end":{"line":36,"column":null}},"13":{"start":{"line":35,"column":8},"end":{"line":35,"column":null}}},"fnMap":{"0":{"name":"Toast","decl":{"start":{"line":12,"column":24},"end":{"line":12,"column":30}},"loc":{"start":{"line":18,"column":13},"end":{"line":47,"column":null}}},"1":{"name":"(anonymous_2)","decl":{"start":{"line":21,"column":14},"end":{"line":21,"column":null}},"loc":{"start":{"line":21,"column":14},"end":{"line":32,"column":7}}},"2":{"name":"(anonymous_3)","decl":{"start":{"line":23,"column":37},"end":{"line":23,"column":null}},"loc":{"start":{"line":23,"column":37},"end":{"line":28,"column":15}}},"3":{"name":"(anonymous_4)","decl":{"start":{"line":30,"column":19},"end":{"line":30,"column":25}},"loc":{"start":{"line":30,"column":25},"end":{"line":30,"column":null}}}},"branchMap":{"0":{"loc":{"start":{"line":15,"column":4},"end":{"line":15,"column":17}},"type":"default-arg","locations":[{"start":{"line":15,"column":11},"end":{"line":15,"column":17}}]},"1":{"loc":{"start":{"line":16,"column":4},"end":{"line":16,"column":19}},"type":"default-arg","locations":[{"start":{"line":16,"column":15},"end":{"line":16,"column":19}}]},"2":{"loc":{"start":{"line":22,"column":8},"end":{"line":31,"column":null}},"type":"if","locations":[{"start":{"line":22,"column":8},"end":{"line":31,"column":null}},{"start":{},"end":{}}]},"3":{"loc":{"start":{"line":25,"column":16},"end":{"line":27,"column":null}},"type":"if","locations":[{"start":{"line":25,"column":16},"end":{"line":27,"column":null}},{"start":{},"end":{}}]},"4":{"loc":{"start":{"line":34,"column":4},"end":{"line":36,"column":null}},"type":"if","locations":[{"start":{"line":34,"column":4},"end":{"line":36,"column":null}},{"start":{},"end":{}}]}},"s":{"0":0,"1":0,"2":0,"3":0,"4":0,"5":0,"6":0,"7":0,"8":0,"9":0,"10":0,"11":0,"12":0,"13":0},"f":{"0":0,"1":0,"2":0,"3":0},"b":{"0":[0],"1":[0],"2":[0,0],"3":[0,0],"4":[0,0]}}
,"E:\\f0-main\\Gunaso\\src\\components\\staff\\AddNotesModal.tsx": {"path":"E:\\f0-main\\Gunaso\\src\\components\\staff\\AddNotesModal.tsx","statementMap":{"0":{"start":{"line":13,"column":24},"end":{"line":13,"column":38}},"1":{"start":{"line":3,"column":111},"end":{"line":3,"column":null}},"2":{"start":{"line":4,"column":19},"end":{"line":4,"column":null}},"3":{"start":{"line":5,"column":21},"end":{"line":5,"column":null}}},"fnMap":{"0":{"name":"AddNotesModal","decl":{"start":{"line":13,"column":24},"end":{"line":13,"column":38}},"loc":{"start":{"line":17,"column":21},"end":{"line":55,"column":null}}}},"branchMap":{"0":{"loc":{"start":{"line":16,"column":4},"end":{"line":16,"column":31}},"type":"default-arg","locations":[{"start":{"line":16,"column":12},"end":{"line":16,"column":31}}]}},"s":{"0":0,"1":0,"2":0,"3":0},"f":{"0":0},"b":{"0":[0]}}
,"E:\\f0-main\\Gunaso\\src\\components\\staff\\NotifyCitizenModal.tsx": {"path":"E:\\f0-main\\Gunaso\\src\\components\\staff\\NotifyCitizenModal.tsx","statementMap":{"0":{"start":{"line":13,"column":24},"end":{"line":13,"column":43}},"1":{"start":{"line":3,"column":111},"end":{"line":3,"column":null}},"2":{"start":{"line":4,"column":19},"end":{"line":4,"column":null}}},"fnMap":{"0":{"name":"NotifyCitizenModal","decl":{"start":{"line":13,"column":24},"end":{"line":13,"column":43}},"loc":{"start":{"line":18,"column":26},"end":{"line":60,"column":null}}}},"branchMap":{"0":{"loc":{"start":{"line":16,"column":4},"end":{"line":16,"column":45}},"type":"default-arg","locations":[{"start":{"line":16,"column":12},"end":{"line":16,"column":45}}]},"1":{"loc":{"start":{"line":34,"column":13},"end":{"line":34,"column":null}},"type":"binary-expr","locations":[{"start":{"line":34,"column":13},"end":{"line":34,"column":null}}]}},"s":{"0":0,"1":0,"2":0},"f":{"0":0},"b":{"0":[0],"1":[0]}}
,"E:\\f0-main\\Gunaso\\src\\components\\staff\\StaffFooter.tsx": {"path":"E:\\f0-main\\Gunaso\\src\\components\\staff\\StaffFooter.tsx","statementMap":{"0":{"start":{"line":5,"column":24},"end":{"line":5,"column":null}},"1":{"start":{"line":3,"column":17},"end":{"line":3,"column":null}}},"fnMap":{"0":{"name":"StaffFooter","decl":{"start":{"line":5,"column":24},"end":{"line":5,"column":null}},"loc":{"start":{"line":5,"column":24},"end":{"line":23,"column":null}}}},"branchMap":{},"s":{"0":0,"1":0},"f":{"0":0},"b":{}}
,"E:\\f0-main\\Gunaso\\src\\components\\staff\\StaffNavBar.tsx": {"path":"E:\\f0-main\\Gunaso\\src\\components\\staff\\StaffNavBar.tsx","statementMap":{"0":{"start":{"line":7,"column":24},"end":{"line":7,"column":null}},"1":{"start":{"line":2,"column":33},"end":{"line":2,"column":null}},"2":{"start":{"line":3,"column":21},"end":{"line":3,"column":null}},"3":{"start":{"line":4,"column":126},"end":{"line":4,"column":null}},"4":{"start":{"line":5,"column":17},"end":{"line":5,"column":null}},"5":{"start":{"line":8,"column":24},"end":{"line":8,"column":null}},"6":{"start":{"line":10,"column":22},"end":{"line":16,"column":null}},"7":{"start":{"line":27,"column":36},"end":{"line":27,"column":62}},"8":{"start":{"line":44,"column":24},"end":{"line":44,"column":53}}},"fnMap":{"0":{"name":"StaffNavBar","decl":{"start":{"line":7,"column":24},"end":{"line":7,"column":null}},"loc":{"start":{"line":7,"column":24},"end":{"line":50,"column":null}}},"1":{"name":"(anonymous_4)","decl":{"start":{"line":26,"column":63},"end":{"line":26,"column":64}},"loc":{"start":{"line":27,"column":36},"end":{"line":27,"column":62}}},"2":{"name":"(anonymous_5)","decl":{"start":{"line":43,"column":50},"end":{"line":43,"column":51}},"loc":{"start":{"line":44,"column":24},"end":{"line":44,"column":53}}}},"branchMap":{"0":{"loc":{"start":{"line":11,"column":43},"end":{"line":11,"column":76}},"type":"binary-expr","locations":[{"start":{"line":11,"column":43},"end":{"line":11,"column":60}},{"start":{"line":11,"column":64},"end":{"line":11,"column":76}}]},"1":{"loc":{"start":{"line":12,"column":48},"end":{"line":12,"column":77}},"type":"binary-expr","locations":[{"start":{"line":12,"column":48},"end":{"line":12,"column":63}},{"start":{"line":12,"column":67},"end":{"line":12,"column":77}}]},"2":{"loc":{"start":{"line":13,"column":49},"end":{"line":13,"column":78}},"type":"binary-expr","locations":[{"start":{"line":13,"column":49},"end":{"line":13,"column":64}},{"start":{"line":13,"column":68},"end":{"line":13,"column":78}}]},"3":{"loc":{"start":{"line":14,"column":64},"end":{"line":14,"column":108}},"type":"binary-expr","locations":[{"start":{"line":14,"column":64},"end":{"line":14,"column":86}},{"start":{"line":14,"column":90},"end":{"line":14,"column":108}}]},"4":{"loc":{"start":{"line":15,"column":51},"end":{"line":15,"column":82}},"type":"binary-expr","locations":[{"start":{"line":15,"column":51},"end":{"line":15,"column":67}},{"start":{"line":15,"column":71},"end":{"line":15,"column":82}}]}},"s":{"0":0,"1":0,"2":0,"3":0,"4":0,"5":0,"6":0,"7":0,"8":0},"f":{"0":0,"1":0,"2":0},"b":{"0":[0,0],"1":[0,0],"2":[0,0],"3":[0,0],"4":[0,0]}}
,"E:\\f0-main\\Gunaso\\src\\components\\staff\\StaffTopBar.tsx": {"path":"E:\\f0-main\\Gunaso\\src\\components\\staff\\StaffTopBar.tsx","statementMap":{"0":{"start":{"line":4,"column":24},"end":{"line":4,"column":36}},"1":{"start":{"line":1,"column":23},"end":{"line":1,"column":null}},"2":{"start":{"line":2,"column":19},"end":{"line":2,"column":null}}},"fnMap":{"0":{"name":"StaffTopBar","decl":{"start":{"line":4,"column":24},"end":{"line":4,"column":36}},"loc":{"start":{"line":4,"column":68},"end":{"line":18,"column":null}}}},"branchMap":{},"s":{"0":0,"1":0,"2":0},"f":{"0":0},"b":{}}
,"E:\\f0-main\\Gunaso\\src\\components\\staff\\TicketAssignmentConfirmationModal.tsx": {"path":"E:\\f0-main\\Gunaso\\src\\components\\staff\\TicketAssignmentConfirmationModal.tsx","statementMap":{"0":{"start":{"line":13,"column":24},"end":{"line":13,"column":58}},"1":{"start":{"line":3,"column":111},"end":{"line":3,"column":null}},"2":{"start":{"line":4,"column":19},"end":{"line":4,"column":null}},"3":{"start":{"line":19,"column":32},"end":{"line":19,"column":84}},"4":{"start":{"line":20,"column":25},"end":{"line":20,"column":null}}},"fnMap":{"0":{"name":"TicketAssignmentConfirmationModal","decl":{"start":{"line":13,"column":24},"end":{"line":13,"column":58}},"loc":{"start":{"line":18,"column":41},"end":{"line":57,"column":null}}}},"branchMap":{"0":{"loc":{"start":{"line":16,"column":4},"end":{"line":16,"column":22}},"type":"default-arg","locations":[{"start":{"line":16,"column":15},"end":{"line":16,"column":22}}]},"1":{"loc":{"start":{"line":20,"column":25},"end":{"line":20,"column":null}},"type":"binary-expr","locations":[{"start":{"line":20,"column":25},"end":{"line":20,"column":34}},{"start":{"line":20,"column":34},"end":{"line":20,"column":null}}]},"2":{"loc":{"start":{"line":39,"column":25},"end":{"line":39,"column":null}},"type":"binary-expr","locations":[{"start":{"line":39,"column":25},"end":{"line":39,"column":35}},{"start":{"line":39,"column":35},"end":{"line":39,"column":null}}]}},"s":{"0":0,"1":0,"2":0,"3":0,"4":0},"f":{"0":0},"b":{"0":[0],"1":[0,0],"2":[0,0]}}
,"E:\\f0-main\\Gunaso\\src\\contexts\\ThemeContext.tsx": {"path":"E:\\f0-main\\Gunaso\\src\\contexts\\ThemeContext.tsx","statementMap":{"0":{"start":{"line":15,"column":13},"end":{"line":15,"column":29}},"1":{"start":{"line":38,"column":16},"end":{"line":38,"column":null}},"2":{"start":{"line":2,"column":37},"end":{"line":2,"column":null}},"3":{"start":{"line":3,"column":63},"end":{"line":3,"column":null}},"4":{"start":{"line":13,"column":21},"end":{"line":13,"column":null}},"5":{"start":{"line":15,"column":29},"end":{"line":37,"column":null}},"6":{"start":{"line":16,"column":30},"end":{"line":16,"column":null}},"7":{"start":{"line":18,"column":4},"end":{"line":20,"column":null}},"8":{"start":{"line":19,"column":8},"end":{"line":19,"column":null}},"9":{"start":{"line":22,"column":4},"end":{"line":24,"column":null}},"10":{"start":{"line":23,"column":8},"end":{"line":23,"column":null}},"11":{"start":{"line":26,"column":24},"end":{"line":28,"column":null}},"12":{"start":{"line":27,"column":8},"end":{"line":27,"column":null}},"13":{"start":{"line":27,"column":30},"end":{"line":27,"column":null}},"14":{"start":{"line":39,"column":20},"end":{"line":39,"column":null}},"15":{"start":{"line":40,"column":4},"end":{"line":42,"column":null}},"16":{"start":{"line":41,"column":8},"end":{"line":41,"column":null}},"17":{"start":{"line":43,"column":4},"end":{"line":43,"column":null}}},"fnMap":{"0":{"name":"(anonymous_3)","decl":{"start":{"line":15,"column":29},"end":{"line":15,"column":30}},"loc":{"start":{"line":15,"column":73},"end":{"line":37,"column":null}}},"1":{"name":"(anonymous_4)","decl":{"start":{"line":18,"column":14},"end":{"line":18,"column":null}},"loc":{"start":{"line":18,"column":14},"end":{"line":20,"column":7}}},"2":{"name":"(anonymous_5)","decl":{"start":{"line":22,"column":14},"end":{"line":22,"column":null}},"loc":{"start":{"line":22,"column":14},"end":{"line":24,"column":7}}},"3":{"name":"(anonymous_6)","decl":{"start":{"line":26,"column":24},"end":{"line":26,"column":null}},"loc":{"start":{"line":26,"column":24},"end":{"line":28,"column":null}}},"4":{"name":"(anonymous_7)","decl":{"start":{"line":27,"column":17},"end":{"line":27,"column":30}},"loc":{"start":{"line":27,"column":30},"end":{"line":27,"column":null}}},"5":{"name":"useTheme","decl":{"start":{"line":38,"column":16},"end":{"line":38,"column":null}},"loc":{"start":{"line":38,"column":16},"end":{"line":44,"column":null}}}},"branchMap":{"0":{"loc":{"start":{"line":19,"column":8},"end":{"line":19,"column":null}},"type":"cond-expr","locations":[{"start":{"line":19,"column":50},"end":{"line":19,"column":68}},{"start":{"line":19,"column":68},"end":{"line":19,"column":null}}]},"1":{"loc":{"start":{"line":27,"column":30},"end":{"line":27,"column":null}},"type":"cond-expr","locations":[{"start":{"line":27,"column":52},"end":{"line":27,"column":60}},{"start":{"line":27,"column":60},"end":{"line":27,"column":null}}]},"2":{"loc":{"start":{"line":40,"column":4},"end":{"line":42,"column":null}},"type":"if","locations":[{"start":{"line":40,"column":4},"end":{"line":42,"column":null}},{"start":{},"end":{}}]}},"s":{"0":0,"1":0,"2":0,"3":0,"4":0,"5":0,"6":0,"7":0,"8":0,"9":0,"10":0,"11":0,"12":0,"13":0,"14":0,"15":0,"16":0,"17":0},"f":{"0":0,"1":0,"2":0,"3":0,"4":0,"5":0},"b":{"0":[0,0],"1":[0,0],"2":[0,0]}}
,"E:\\f0-main\\Gunaso\\src\\utils\\LanguageSwitcher.tsx": {"path":"E:\\f0-main\\Gunaso\\src\\utils\\LanguageSwitcher.tsx","statementMap":{"0":{"start":{"line":46,"column":13},"end":{"line":46,"column":32}},"1":{"start":{"line":2,"column":15},"end":{"line":2,"column":null}},"2":{"start":{"line":3,"column":15},"end":{"line":3,"column":null}},"3":{"start":{"line":4,"column":23},"end":{"line":4,"column":null}},"4":{"start":{"line":5,"column":24},"end":{"line":5,"column":null}},"5":{"start":{"line":24,"column":60},"end":{"line":27,"column":null}},"6":{"start":{"line":29,"column":36},"end":{"line":31,"column":null}},"7":{"start":{"line":30,"column":4},"end":{"line":30,"column":null}},"8":{"start":{"line":30,"column":44},"end":{"line":30,"column":null}},"9":{"start":{"line":33,"column":22},"end":{"line":39,"column":null}},"10":{"start":{"line":35,"column":19},"end":{"line":35,"column":null}},"11":{"start":{"line":36,"column":20},"end":{"line":36,"column":null}},"12":{"start":{"line":37,"column":18},"end":{"line":37,"column":null}},"13":{"start":{"line":38,"column":4},"end":{"line":38,"column":null}},"14":{"start":{"line":41,"column":21},"end":{"line":44,"column":null}},"15":{"start":{"line":46,"column":32},"end":{"line":87,"column":null}},"16":{"start":{"line":48,"column":23},"end":{"line":84,"column":null}},"17":{"start":{"line":53,"column":34},"end":{"line":59,"column":null}},"18":{"start":{"line":54,"column":32},"end":{"line":54,"column":null}},"19":{"start":{"line":55,"column":16},"end":{"line":58,"column":null}},"20":{"start":{"line":60,"column":36},"end":{"line":62,"column":null}},"21":{"start":{"line":60,"column":52},"end":{"line":62,"column":null}},"22":{"start":{"line":63,"column":39},"end":{"line":65,"column":null}},"23":{"start":{"line":63,"column":55},"end":{"line":65,"column":null}},"24":{"start":{"line":67,"column":30},"end":{"line":67,"column":null}},"25":{"start":{"line":69,"column":16},"end":{"line":77,"column":null}},"26":{"start":{"line":70,"column":31},"end":{"line":70,"column":null}},"27":{"start":{"line":71,"column":38},"end":{"line":71,"column":64}},"28":{"start":{"line":72,"column":38},"end":{"line":72,"column":73}},"29":{"start":{"line":73,"column":20},"end":{"line":73,"column":null}},"30":{"start":{"line":75,"column":38},"end":{"line":75,"column":null}},"31":{"start":{"line":76,"column":20},"end":{"line":76,"column":null}},"32":{"start":{"line":80,"column":30},"end":{"line":80,"column":null}},"33":{"start":{"line":81,"column":31},"end":{"line":81,"column":null}},"34":{"start":{"line":82,"column":16},"end":{"line":82,"column":null}}},"fnMap":{"0":{"name":"(anonymous_2)","decl":{"start":{"line":29,"column":36},"end":{"line":29,"column":37}},"loc":{"start":{"line":29,"column":37},"end":{"line":31,"column":null}}},"1":{"name":"(anonymous_3)","decl":{"start":{"line":30,"column":33},"end":{"line":30,"column":34}},"loc":{"start":{"line":30,"column":44},"end":{"line":30,"column":null}}},"2":{"name":"(anonymous_4)","decl":{"start":{"line":33,"column":22},"end":{"line":33,"column":23}},"loc":{"start":{"line":33,"column":23},"end":{"line":39,"column":null}}},"3":{"name":"(anonymous_5)","decl":{"start":{"line":48,"column":8},"end":{"line":48,"column":9}},"loc":{"start":{"line":48,"column":23},"end":{"line":84,"column":null}}},"4":{"name":"(anonymous_6)","decl":{"start":{"line":53,"column":28},"end":{"line":53,"column":34}},"loc":{"start":{"line":53,"column":34},"end":{"line":59,"column":null}}},"5":{"name":"(anonymous_7)","decl":{"start":{"line":53,"column":38},"end":{"line":53,"column":39}},"loc":{"start":{"line":53,"column":39},"end":{"line":59,"column":null}}},"6":{"name":"(anonymous_8)","decl":{"start":{"line":60,"column":30},"end":{"line":60,"column":36}},"loc":{"start":{"line":60,"column":36},"end":{"line":62,"column":null}}},"7":{"name":"(anonymous_9)","decl":{"start":{"line":60,"column":40},"end":{"line":60,"column":41}},"loc":{"start":{"line":60,"column":52},"end":{"line":62,"column":null}}},"8":{"name":"(anonymous_10)","decl":{"start":{"line":63,"column":33},"end":{"line":63,"column":39}},"loc":{"start":{"line":63,"column":39},"end":{"line":65,"column":null}}},"9":{"name":"(anonymous_11)","decl":{"start":{"line":63,"column":43},"end":{"line":63,"column":44}},"loc":{"start":{"line":63,"column":55},"end":{"line":65,"column":null}}},"10":{"name":"(anonymous_12)","decl":{"start":{"line":66,"column":24},"end":{"line":66,"column":25}},"loc":{"start":{"line":66,"column":25},"end":{"line":78,"column":null}}},"11":{"name":"(anonymous_13)","decl":{"start":{"line":79,"column":26},"end":{"line":79,"column":27}},"loc":{"start":{"line":79,"column":27},"end":{"line":83,"column":null}}}},"branchMap":{"0":{"loc":{"start":{"line":30,"column":44},"end":{"line":30,"column":null}},"type":"binary-expr","locations":[{"start":{"line":30,"column":44},"end":{"line":30,"column":78}},{"start":{"line":30,"column":82},"end":{"line":30,"column":null}}]},"1":{"loc":{"start":{"line":54,"column":32},"end":{"line":54,"column":null}},"type":"cond-expr","locations":[{"start":{"line":54,"column":58},"end":{"line":54,"column":65}},{"start":{"line":54,"column":65},"end":{"line":54,"column":null}}]},"2":{"loc":{"start":{"line":57,"column":29},"end":{"line":57,"column":55}},"type":"cond-expr","locations":[{"start":{"line":57,"column":48},"end":{"line":57,"column":50}},{"start":{"line":57,"column":53},"end":{"line":57,"column":55}}]},"3":{"loc":{"start":{"line":61,"column":28},"end":{"line":61,"column":null}},"type":"cond-expr","locations":[{"start":{"line":61,"column":56},"end":{"line":61,"column":63}},{"start":{"line":61,"column":63},"end":{"line":61,"column":null}}]},"4":{"loc":{"start":{"line":64,"column":31},"end":{"line":64,"column":null}},"type":"cond-expr","locations":[{"start":{"line":64,"column":62},"end":{"line":64,"column":69}},{"start":{"line":64,"column":69},"end":{"line":64,"column":null}}]},"5":{"loc":{"start":{"line":69,"column":16},"end":{"line":77,"column":null}},"type":"if","locations":[{"start":{"line":69,"column":16},"end":{"line":77,"column":null}},{"start":{"line":74,"column":23},"end":{"line":77,"column":null}}]},"6":{"loc":{"start":{"line":73,"column":27},"end":{"line":73,"column":null}},"type":"cond-expr","locations":[{"start":{"line":73,"column":58},"end":{"line":73,"column":99}},{"start":{"line":73,"column":99},"end":{"line":73,"column":null}}]},"7":{"loc":{"start":{"line":75,"column":62},"end":{"line":75,"column":null}},"type":"cond-expr","locations":[{"start":{"line":75,"column":88},"end":{"line":75,"column":98}},{"start":{"line":75,"column":98},"end":{"line":75,"column":null}}]},"8":{"loc":{"start":{"line":76,"column":27},"end":{"line":76,"column":null}},"type":"cond-expr","locations":[{"start":{"line":76,"column":58},"end":{"line":76,"column":99}},{"start":{"line":76,"column":99},"end":{"line":76,"column":null}}]},"9":{"loc":{"start":{"line":82,"column":23},"end":{"line":82,"column":null}},"type":"cond-expr","locations":[{"start":{"line":82,"column":54},"end":{"line":82,"column":92}},{"start":{"line":82,"column":92},"end":{"line":82,"column":null}}]}},"s":{"0":0,"1":0,"2":0,"3":0,"4":0,"5":0,"6":0,"7":0,"8":0,"9":0,"10":0,"11":0,"12":0,"13":0,"14":0,"15":0,"16":0,"17":0,"18":0,"19":0,"20":0,"21":0,"22":0,"23":0,"24":0,"25":0,"26":0,"27":0,"28":0,"29":0,"30":0,"31":0,"32":0,"33":0,"34":0},"f":{"0":0,"1":0,"2":0,"3":0,"4":0,"5":0,"6":0,"7":0,"8":0,"9":0,"10":0,"11":0},"b":{"0":[0,0],"1":[0,0],"2":[0,0],"3":[0,0],"4":[0,0],"5":[0,0],"6":[0,0],"7":[0,0],"8":[0,0],"9":[0,0]}}
,"E:\\f0-main\\Gunaso\\src\\utils\\fetchData.ts": {"path":"E:\\f0-main\\Gunaso\\src\\utils\\fetchData.ts","statementMap":{"0":{"start":{"line":17,"column":13},"end":{"line":17,"column":31}},"1":{"start":{"line":2,"column":13},"end":{"line":2,"column":28}},"2":{"start":{"line":32,"column":13},"end":{"line":32,"column":26}},"3":{"start":{"line":2,"column":28},"end":{"line":14,"column":null}},"4":{"start":{"line":3,"column":4},"end":{"line":13,"column":null}},"5":{"start":{"line":4,"column":25},"end":{"line":4,"column":null}},"6":{"start":{"line":5,"column":8},"end":{"line":7,"column":null}},"7":{"start":{"line":6,"column":12},"end":{"line":6,"column":null}},"8":{"start":{"line":8,"column":23},"end":{"line":8,"column":null}},"9":{"start":{"line":9,"column":8},"end":{"line":9,"column":null}},"10":{"start":{"line":11,"column":8},"end":{"line":11,"column":null}},"11":{"start":{"line":12,"column":8},"end":{"line":12,"column":null}},"12":{"start":{"line":17,"column":31},"end":{"line":29,"column":null}},"13":{"start":{"line":18,"column":4},"end":{"line":28,"column":null}},"14":{"start":{"line":19,"column":25},"end":{"line":19,"column":null}},"15":{"start":{"line":20,"column":8},"end":{"line":22,"column":null}},"16":{"start":{"line":21,"column":12},"end":{"line":21,"column":null}},"17":{"start":{"line":23,"column":23},"end":{"line":23,"column":null}},"18":{"start":{"line":24,"column":8},"end":{"line":24,"column":null}},"19":{"start":{"line":26,"column":8},"end":{"line":26,"column":null}},"20":{"start":{"line":27,"column":8},"end":{"line":27,"column":null}},"21":{"start":{"line":32,"column":26},"end":{"line":44,"column":null}},"22":{"start":{"line":33,"column":4},"end":{"line":43,"column":null}},"23":{"start":{"line":34,"column":25},"end":{"line":34,"column":null}},"24":{"start":{"line":35,"column":8},"end":{"line":37,"column":null}},"25":{"start":{"line":36,"column":12},"end":{"line":36,"column":null}},"26":{"start":{"line":38,"column":23},"end":{"line":38,"column":null}},"27":{"start":{"line":39,"column":8},"end":{"line":39,"column":null}},"28":{"start":{"line":41,"column":8},"end":{"line":41,"column":null}},"29":{"start":{"line":42,"column":8},"end":{"line":42,"column":null}}},"fnMap":{"0":{"name":"(anonymous_4)","decl":{"start":{"line":2,"column":28},"end":{"line":2,"column":null}},"loc":{"start":{"line":2,"column":28},"end":{"line":14,"column":null}}},"1":{"name":"(anonymous_5)","decl":{"start":{"line":17,"column":31},"end":{"line":17,"column":null}},"loc":{"start":{"line":17,"column":31},"end":{"line":29,"column":null}}},"2":{"name":"(anonymous_6)","decl":{"start":{"line":32,"column":26},"end":{"line":32,"column":null}},"loc":{"start":{"line":32,"column":26},"end":{"line":44,"column":null}}}},"branchMap":{"0":{"loc":{"start":{"line":5,"column":8},"end":{"line":7,"column":null}},"type":"if","locations":[{"start":{"line":5,"column":8},"end":{"line":7,"column":null}},{"start":{},"end":{}}]},"1":{"loc":{"start":{"line":20,"column":8},"end":{"line":22,"column":null}},"type":"if","locations":[{"start":{"line":20,"column":8},"end":{"line":22,"column":null}},{"start":{},"end":{}}]},"2":{"loc":{"start":{"line":35,"column":8},"end":{"line":37,"column":null}},"type":"if","locations":[{"start":{"line":35,"column":8},"end":{"line":37,"column":null}},{"start":{},"end":{}}]}},"s":{"0":2,"1":4,"2":2,"3":1,"4":4,"5":4,"6":2,"7":1,"8":1,"9":1,"10":3,"11":3,"12":1,"13":2,"14":2,"15":1,"16":0,"17":1,"18":1,"19":1,"20":1,"21":1,"22":2,"23":2,"24":2,"25":1,"26":1,"27":1,"28":1,"29":1},"f":{"0":4,"1":2,"2":2},"b":{"0":[1,1],"1":[0,1],"2":[1,1]}}
}
