TN:
SF:src\components\TicketTile.tsx
FN:13,TicketTile
FN:42,(anonymous_3)
FNF:2
FNH:0
FNDA:0,TicketTile
FNDA:0,(anonymous_3)
DA:2,0
DA:3,0
DA:13,0
DA:14,0
DA:42,0
LF:5
LH:0
BRF:0
BRH:0
end_of_record
TN:
SF:src\components\ToggleLanguage.tsx
FN:5,(anonymous_1)
FN:14,(anonymous_2)
FNF:2
FNH:0
FNDA:0,(anonymous_1)
FNDA:0,(anonymous_2)
DA:2,0
DA:3,0
DA:5,0
DA:6,0
DA:7,0
DA:14,0
LF:6
LH:0
BRF:0
BRH:0
end_of_record
TN:
SF:src\components\ToggleTheme.tsx
FN:5,(anonymous_1)
FNF:1
FNH:0
FNDA:0,(anonymous_1)
DA:2,0
DA:3,0
DA:5,0
DA:6,0
DA:7,0
LF:5
LH:0
BRF:0
BRH:0
end_of_record
TN:
SF:src\components\citizen\CitizenFooter.tsx
FN:9,CitizenFooter
FN:38,(anonymous_3)
FNF:2
FNH:0
FNDA:0,CitizenFooter
FNDA:0,(anonymous_3)
DA:3,0
DA:4,0
DA:5,0
DA:6,0
DA:7,0
DA:9,0
DA:10,0
DA:11,0
DA:13,0
DA:39,0
DA:41,0
DA:43,0
DA:46,0
DA:49,0
LF:14
LH:0
BRDA:15,0,0,0
BRDA:15,0,1,0
BRDA:20,1,0,0
BRDA:20,1,1,0
BRDA:25,2,0,0
BRDA:25,2,1,0
BRDA:30,3,0,0
BRDA:30,3,1,0
BRDA:41,4,0,0
BRDA:41,4,1,0
BRDA:43,5,0,0
BRDA:43,5,1,0
BRDA:60,6,0,0
BRDA:60,6,1,0
BRF:14
BRH:0
end_of_record
TN:
SF:src\components\citizen\CitizenNavBar.tsx
FN:7,CitizenNavBar
FN:48,(anonymous_4)
FNF:2
FNH:0
FNDA:0,CitizenNavBar
FNDA:0,(anonymous_4)
DA:2,0
DA:3,0
DA:4,0
DA:5,0
DA:7,0
DA:8,0
DA:10,0
DA:49,0
LF:8
LH:0
BRDA:11,0,0,0
BRDA:11,0,1,0
BRDA:12,1,0,0
BRDA:12,1,1,0
BRDA:13,2,0,0
BRDA:13,2,1,0
BRDA:14,3,0,0
BRDA:14,3,1,0
BRDA:15,4,0,0
BRDA:15,4,1,0
BRDA:16,5,0,0
BRDA:16,5,1,0
BRDA:17,6,0,0
BRDA:17,6,1,0
BRF:14
BRH:0
end_of_record
TN:
SF:src\components\citizen\CitizenPageHeader.tsx
FN:23,CitizenPageHeader
FNF:1
FNH:0
FNDA:0,CitizenPageHeader
DA:3,0
DA:4,0
DA:5,0
DA:8,0
DA:23,0
DA:24,0
DA:27,0
DA:30,0
DA:33,0
DA:34,0
DA:38,0
DA:39,0
LF:12
LH:0
BRDA:33,0,0,0
BRDA:33,0,1,0
BRDA:38,1,0,0
BRDA:38,1,1,0
BRF:4
BRH:0
end_of_record
TN:
SF:src\components\shared\Button.tsx
FN:13,Button
FNF:1
FNH:0
FNDA:0,Button
DA:1,0
DA:13,0
LF:2
LH:0
BRDA:16,0,0,0
BRDA:17,1,0,0
BRDA:18,2,0,0
BRF:3
BRH:0
end_of_record
TN:
SF:src\components\shared\DropDown.tsx
FN:12,DropDown
FNF:1
FNH:0
FNDA:0,DropDown
DA:1,0
DA:12,0
LF:2
LH:0
BRDA:16,0,0,0
BRDA:17,1,0,0
BRF:2
BRH:0
end_of_record
TN:
SF:src\components\shared\FileUploader.tsx
FN:10,FileUploader
FN:15,(anonymous_2)
FNF:2
FNH:0
FNDA:0,FileUploader
FNDA:0,(anonymous_2)
DA:2,0
DA:10,0
DA:15,0
DA:16,0
DA:17,0
LF:5
LH:0
BRDA:12,0,0,0
BRDA:16,1,0,0
BRDA:16,1,1,0
BRF:3
BRH:0
end_of_record
TN:
SF:src\components\shared\Filter.tsx
FN:3,Filter
FNF:1
FNH:0
FNDA:0,Filter
DA:1,0
DA:3,0
LF:2
LH:0
BRF:0
BRH:0
end_of_record
TN:
SF:src\components\shared\Logo.tsx
FN:27,Logo
FNF:1
FNH:0
FNDA:0,Logo
DA:2,0
DA:27,0
DA:35,0
DA:36,0
DA:39,0
DA:40,0
DA:43,0
DA:44,0
DA:46,0
LF:9
LH:0
BRDA:28,0,0,0
BRDA:30,1,0,0
BRDA:31,2,0,0
BRDA:35,3,0,0
BRDA:35,3,1,0
BRDA:36,4,0,0
BRDA:36,4,1,0
BRDA:39,5,0,0
BRDA:39,5,1,0
BRDA:40,6,0,0
BRDA:40,6,1,0
BRDA:43,7,0,0
BRDA:43,7,1,0
BRDA:46,8,0,0
BRDA:46,8,1,0
BRF:15
BRH:0
end_of_record
TN:
SF:src\components\shared\Modal.tsx
FN:17,Modal
FNF:1
FNH:0
FNDA:0,Modal
DA:3,0
DA:4,0
DA:17,0
LF:3
LH:0
BRDA:21,0,0,0
BRDA:22,1,0,0
BRDA:23,2,0,0
BRDA:24,3,0,0
BRF:4
BRH:0
end_of_record
TN:
SF:src\components\shared\Table.tsx
FN:9,Table
FNF:1
FNH:0
FNDA:0,Table
DA:1,0
DA:9,0
DA:14,0
DA:22,0
LF:4
LH:0
BRDA:12,0,0,0
BRDA:14,1,0,0
BRDA:14,1,1,0
BRDA:22,2,0,0
BRDA:22,2,1,0
BRDA:22,3,0,0
BRDA:22,3,1,0
BRF:7
BRH:0
end_of_record
TN:
SF:src\components\shared\TextArea.tsx
FN:13,TextArea
FNF:1
FNH:0
FNDA:0,TextArea
DA:1,0
DA:13,0
LF:2
LH:0
BRDA:17,0,0,0
BRDA:18,1,0,0
BRF:2
BRH:0
end_of_record
TN:
SF:src\components\shared\TextInput.tsx
FN:13,TextInput
FNF:1
FNH:0
FNDA:0,TextInput
DA:1,0
DA:13,0
LF:2
LH:0
BRDA:17,0,0,0
BRDA:18,1,0,0
BRF:2
BRH:0
end_of_record
TN:
SF:src\components\shared\Toast.tsx
FN:12,Toast
FN:21,(anonymous_2)
FN:23,(anonymous_3)
FN:30,(anonymous_4)
FNF:4
FNH:0
FNDA:0,Toast
FNDA:0,(anonymous_2)
FNDA:0,(anonymous_3)
FNDA:0,(anonymous_4)
DA:1,0
DA:2,0
DA:12,0
DA:19,0
DA:21,0
DA:22,0
DA:23,0
DA:24,0
DA:25,0
DA:26,0
DA:30,0
DA:34,0
DA:35,0
LF:13
LH:0
BRDA:15,0,0,0
BRDA:16,1,0,0
BRDA:22,2,0,0
BRDA:22,2,1,0
BRDA:25,3,0,0
BRDA:25,3,1,0
BRDA:34,4,0,0
BRDA:34,4,1,0
BRF:8
BRH:0
end_of_record
TN:
SF:src\components\staff\AddNotesModal.tsx
FN:13,AddNotesModal
FNF:1
FNH:0
FNDA:0,AddNotesModal
DA:3,0
DA:4,0
DA:5,0
DA:13,0
LF:4
LH:0
BRDA:16,0,0,0
BRF:1
BRH:0
end_of_record
TN:
SF:src\components\staff\NotifyCitizenModal.tsx
FN:13,NotifyCitizenModal
FNF:1
FNH:0
FNDA:0,NotifyCitizenModal
DA:3,0
DA:4,0
DA:13,0
LF:3
LH:0
BRDA:16,0,0,0
BRDA:34,1,0,0
BRF:2
BRH:0
end_of_record
TN:
SF:src\components\staff\StaffFooter.tsx
FN:5,StaffFooter
FNF:1
FNH:0
FNDA:0,StaffFooter
DA:3,0
DA:5,0
LF:2
LH:0
BRF:0
BRH:0
end_of_record
TN:
SF:src\components\staff\StaffNavBar.tsx
FN:7,StaffNavBar
FN:26,(anonymous_4)
FN:43,(anonymous_5)
FNF:3
FNH:0
FNDA:0,StaffNavBar
FNDA:0,(anonymous_4)
FNDA:0,(anonymous_5)
DA:2,0
DA:3,0
DA:4,0
DA:5,0
DA:7,0
DA:8,0
DA:10,0
DA:27,0
DA:44,0
LF:9
LH:0
BRDA:11,0,0,0
BRDA:11,0,1,0
BRDA:12,1,0,0
BRDA:12,1,1,0
BRDA:13,2,0,0
BRDA:13,2,1,0
BRDA:14,3,0,0
BRDA:14,3,1,0
BRDA:15,4,0,0
BRDA:15,4,1,0
BRF:10
BRH:0
end_of_record
TN:
SF:src\components\staff\StaffTopBar.tsx
FN:4,StaffTopBar
FNF:1
FNH:0
FNDA:0,StaffTopBar
DA:1,0
DA:2,0
DA:4,0
LF:3
LH:0
BRF:0
BRH:0
end_of_record
TN:
SF:src\components\staff\TicketAssignmentConfirmationModal.tsx
FN:13,TicketAssignmentConfirmationModal
FNF:1
FNH:0
FNDA:0,TicketAssignmentConfirmationModal
DA:3,0
DA:4,0
DA:13,0
DA:19,0
DA:20,0
LF:5
LH:0
BRDA:16,0,0,0
BRDA:20,1,0,0
BRDA:20,1,1,0
BRDA:39,2,0,0
BRDA:39,2,1,0
BRF:5
BRH:0
end_of_record
TN:
SF:src\contexts\ThemeContext.tsx
FN:15,(anonymous_3)
FN:18,(anonymous_4)
FN:22,(anonymous_5)
FN:26,(anonymous_6)
FN:27,(anonymous_7)
FN:38,useTheme
FNF:6
FNH:0
FNDA:0,(anonymous_3)
FNDA:0,(anonymous_4)
FNDA:0,(anonymous_5)
FNDA:0,(anonymous_6)
FNDA:0,(anonymous_7)
FNDA:0,useTheme
DA:2,0
DA:3,0
DA:13,0
DA:15,0
DA:16,0
DA:18,0
DA:19,0
DA:22,0
DA:23,0
DA:26,0
DA:27,0
DA:38,0
DA:39,0
DA:40,0
DA:41,0
DA:43,0
LF:16
LH:0
BRDA:19,0,0,0
BRDA:19,0,1,0
BRDA:27,1,0,0
BRDA:27,1,1,0
BRDA:40,2,0,0
BRDA:40,2,1,0
BRF:6
BRH:0
end_of_record
TN:
SF:src\utils\LanguageSwitcher.tsx
FN:29,(anonymous_2)
FN:30,(anonymous_3)
FN:33,(anonymous_4)
FN:48,(anonymous_5)
FN:53,(anonymous_6)
FN:53,(anonymous_7)
FN:60,(anonymous_8)
FN:60,(anonymous_9)
FN:63,(anonymous_10)
FN:63,(anonymous_11)
FN:66,(anonymous_12)
FN:79,(anonymous_13)
FNF:12
FNH:0
FNDA:0,(anonymous_2)
FNDA:0,(anonymous_3)
FNDA:0,(anonymous_4)
FNDA:0,(anonymous_5)
FNDA:0,(anonymous_6)
FNDA:0,(anonymous_7)
FNDA:0,(anonymous_8)
FNDA:0,(anonymous_9)
FNDA:0,(anonymous_10)
FNDA:0,(anonymous_11)
FNDA:0,(anonymous_12)
FNDA:0,(anonymous_13)
DA:2,0
DA:3,0
DA:4,0
DA:5,0
DA:24,0
DA:29,0
DA:30,0
DA:33,0
DA:35,0
DA:36,0
DA:37,0
DA:38,0
DA:41,0
DA:46,0
DA:48,0
DA:53,0
DA:54,0
DA:55,0
DA:60,0
DA:63,0
DA:67,0
DA:69,0
DA:70,0
DA:71,0
DA:72,0
DA:73,0
DA:75,0
DA:76,0
DA:80,0
DA:81,0
DA:82,0
LF:31
LH:0
BRDA:30,0,0,0
BRDA:30,0,1,0
BRDA:54,1,0,0
BRDA:54,1,1,0
BRDA:57,2,0,0
BRDA:57,2,1,0
BRDA:61,3,0,0
BRDA:61,3,1,0
BRDA:64,4,0,0
BRDA:64,4,1,0
BRDA:69,5,0,0
BRDA:69,5,1,0
BRDA:73,6,0,0
BRDA:73,6,1,0
BRDA:75,7,0,0
BRDA:75,7,1,0
BRDA:76,8,0,0
BRDA:76,8,1,0
BRDA:82,9,0,0
BRDA:82,9,1,0
BRF:20
BRH:0
end_of_record
TN:
SF:src\utils\fetchData.ts
FN:2,(anonymous_4)
FN:17,(anonymous_5)
FN:32,(anonymous_6)
FNF:3
FNH:3
FNDA:4,(anonymous_4)
FNDA:2,(anonymous_5)
FNDA:2,(anonymous_6)
DA:2,4
DA:3,4
DA:4,4
DA:5,2
DA:6,1
DA:8,1
DA:9,1
DA:11,3
DA:12,3
DA:17,2
DA:18,2
DA:19,2
DA:20,1
DA:21,0
DA:23,1
DA:24,1
DA:26,1
DA:27,1
DA:32,2
DA:33,2
DA:34,2
DA:35,2
DA:36,1
DA:38,1
DA:39,1
DA:41,1
DA:42,1
LF:27
LH:26
BRDA:5,0,0,1
BRDA:5,0,1,1
BRDA:20,1,0,0
BRDA:20,1,1,1
BRDA:35,2,0,1
BRDA:35,2,1,1
BRF:6
BRH:5
end_of_record
